2014/02/17 22:11:10 [error] [exception.CException] exception 'CException' with message 'The column must be specified in the format of "Name:Type:Label", where "Type" and "Label" are optional.' in /Applications/MAMP/htdocs/park/protected/extensions/bootstrap/widgets/TbGridView.php:103
Stack trace:
#0 /Applications/MAMP/htdocs/yii/framework/zii/widgets/grid/CGridView.php(383): TbGridView->createDataColumn('cumplea??os')
#1 /Applications/MAMP/htdocs/park/protected/extensions/bootstrap/widgets/TbGridView.php(91): CGridView->initColumns()
#2 /Applications/MAMP/htdocs/yii/framework/zii/widgets/grid/CGridView.php(359): TbGridView->initColumns()
#3 /Applications/MAMP/htdocs/park/protected/extensions/bootstrap/widgets/TbGridView.php(49): CGridView->init()
#4 /Applications/MAMP/htdocs/yii/framework/web/CBaseController.php(147): TbGridView->init()
#5 /Applications/MAMP/htdocs/yii/framework/web/CBaseController.php(172): CBaseController->createWidget('bootstrap.widge...', Array)
#6 /Applications/MAMP/htdocs/park/protected/views/peques/admin.php(62): CBaseController->widget('bootstrap.widge...', Array)
#7 /Applications/MAMP/htdocs/yii/framework/web/CBaseController.php(126): require('/Applications/M...')
#8 /Applications/MAMP/htdocs/yii/framework/web/CBaseController.php(95): CBaseController->renderInternal('/Applications/M...', Array, true)
#9 /Applications/MAMP/htdocs/yii/framework/web/CController.php(869): CBaseController->renderFile('/Applications/M...', Array, true)
#10 /Applications/MAMP/htdocs/yii/framework/web/CController.php(782): CController->renderPartial('admin', Array, true)
#11 /Applications/MAMP/htdocs/park/protected/controllers/PequesController.php(148): CController->render('admin', Array)
#12 /Applications/MAMP/htdocs/yii/framework/web/actions/CInlineAction.php(49): PequesController->actionAdmin()
#13 /Applications/MAMP/htdocs/yii/framework/web/CController.php(308): CInlineAction->runWithParams(Array)
#14 /Applications/MAMP/htdocs/yii/framework/web/filters/CFilterChain.php(133): CController->runAction(Object(CInlineAction))
#15 /Applications/MAMP/htdocs/yii/framework/web/filters/CFilter.php(40): CFilterChain->run()
#16 /Applications/MAMP/htdocs/yii/framework/web/CController.php(1145): CFilter->filter(Object(CFilterChain))
#17 /Applications/MAMP/htdocs/yii/framework/web/filters/CInlineFilter.php(58): CController->filterAccessControl(Object(CFilterChain))
#18 /Applications/MAMP/htdocs/yii/framework/web/filters/CFilterChain.php(130): CInlineFilter->filter(Object(CFilterChain))
#19 /Applications/MAMP/htdocs/yii/framework/web/CController.php(291): CFilterChain->run()
#20 /Applications/MAMP/htdocs/yii/framework/web/CController.php(265): CController->runActionWithFilters(Object(CInlineAction), Array)
#21 /Applications/MAMP/htdocs/yii/framework/web/CWebApplication.php(282): CController->run('admin')
#22 /Applications/MAMP/htdocs/yii/framework/web/CWebApplication.php(141): CWebApplication->runController('peques/admin')
#23 /Applications/MAMP/htdocs/yii/framework/base/CApplication.php(180): CWebApplication->processRequest()
#24 /Applications/MAMP/htdocs/park/index.php(13): CApplication->run()
#25 {main}
REQUEST_URI=/park/index.php?r=peques/admin
HTTP_REFERER=http://localhost:8888/park/index.php?r=peques/create
---
2014/02/19 20:45:58 [error] [php] Use of undefined constant php - assumed 'php' (/Applications/MAMP/htdocs/park/protected/views/peques/_form.php:24)
Stack trace:
#0 /Applications/MAMP/htdocs/yii/framework/web/CController.php(869): PequesController->renderFile()
#1 /Applications/MAMP/htdocs/park/protected/views/peques/create.php(15): PequesController->renderPartial()
#2 /Applications/MAMP/htdocs/yii/framework/web/CBaseController.php(126): require()
#3 /Applications/MAMP/htdocs/yii/framework/web/CBaseController.php(95): PequesController->renderInternal()
#4 /Applications/MAMP/htdocs/yii/framework/web/CController.php(869): PequesController->renderFile()
#5 /Applications/MAMP/htdocs/yii/framework/web/CController.php(782): PequesController->renderPartial()
#6 /Applications/MAMP/htdocs/park/protected/controllers/PequesController.php(78): PequesController->render()
#7 /Applications/MAMP/htdocs/yii/framework/web/actions/CInlineAction.php(49): PequesController->actionCreate()
#8 /Applications/MAMP/htdocs/yii/framework/web/CController.php(308): CInlineAction->runWithParams()
#9 /Applications/MAMP/htdocs/yii/framework/web/filters/CFilterChain.php(133): PequesController->runAction()
#10 /Applications/MAMP/htdocs/yii/framework/web/filters/CFilter.php(40): CFilterChain->run()
#11 /Applications/MAMP/htdocs/yii/framework/web/CController.php(1145): CAccessControlFilter->filter()
#12 /Applications/MAMP/htdocs/yii/framework/web/filters/CInlineFilter.php(58): PequesController->filterAccessControl()
#13 /Applications/MAMP/htdocs/yii/framework/web/filters/CFilterChain.php(130): CInlineFilter->filter()
#14 /Applications/MAMP/htdocs/yii/framework/web/CController.php(291): CFilterChain->run()
#15 /Applications/MAMP/htdocs/yii/framework/web/CController.php(265): PequesController->runActionWithFilters()
#16 /Applications/MAMP/htdocs/yii/framework/web/CWebApplication.php(282): PequesController->run()
#17 /Applications/MAMP/htdocs/yii/framework/web/CWebApplication.php(141): CWebApplication->runController()
#18 /Applications/MAMP/htdocs/yii/framework/base/CApplication.php(180): CWebApplication->processRequest()
#19 /Applications/MAMP/htdocs/park/index.php(13): CWebApplication->run()
REQUEST_URI=/park/index.php?r=peques/create
in /Applications/MAMP/htdocs/park/protected/views/peques/_form.php (24)
in /Applications/MAMP/htdocs/park/protected/views/peques/create.php (15)
in /Applications/MAMP/htdocs/park/protected/controllers/PequesController.php (78)
2014/02/19 20:52:10 [error] [exception.CException] exception 'CException' with message 'Alias "bootstrap.widgets.TbDatePicker" is invalid. Make sure it points to an existing PHP file and the file is readable.' in /Applications/MAMP/htdocs/yii/framework/YiiBase.php:322
Stack trace:
#0 /Applications/MAMP/htdocs/yii/framework/web/CWidgetFactory.php(146): YiiBase::import('bootstrap.widge...', true)
#1 /Applications/MAMP/htdocs/yii/framework/web/CBaseController.php(146): CWidgetFactory->createWidget(Object(PequesController), 'bootstrap.widge...', Array)
#2 /Applications/MAMP/htdocs/yii/framework/web/CBaseController.php(172): CBaseController->createWidget('bootstrap.widge...', Array)
#3 /Applications/MAMP/htdocs/park/protected/views/peques/_form.php(28): CBaseController->widget('bootstrap.widge...', Array)
#4 /Applications/MAMP/htdocs/yii/framework/web/CBaseController.php(126): require('/Applications/M...')
#5 /Applications/MAMP/htdocs/yii/framework/web/CBaseController.php(95): CBaseController->renderInternal('/Applications/M...', Array, true)
#6 /Applications/MAMP/htdocs/yii/framework/web/CController.php(869): CBaseController->renderFile('/Applications/M...', Array, true)
#7 /Applications/MAMP/htdocs/park/protected/views/peques/create.php(15): CController->renderPartial('_form', Array)
#8 /Applications/MAMP/htdocs/yii/framework/web/CBaseController.php(126): require('/Applications/M...')
#9 /Applications/MAMP/htdocs/yii/framework/web/CBaseController.php(95): CBaseController->renderInternal('/Applications/M...', Array, true)
#10 /Applications/MAMP/htdocs/yii/framework/web/CController.php(869): CBaseController->renderFile('/Applications/M...', Array, true)
#11 /Applications/MAMP/htdocs/yii/framework/web/CController.php(782): CController->renderPartial('create', Array, true)
#12 /Applications/MAMP/htdocs/park/protected/controllers/PequesController.php(78): CController->render('create', Array)
#13 /Applications/MAMP/htdocs/yii/framework/web/actions/CInlineAction.php(49): PequesController->actionCreate()
#14 /Applications/MAMP/htdocs/yii/framework/web/CController.php(308): CInlineAction->runWithParams(Array)
#15 /Applications/MAMP/htdocs/yii/framework/web/filters/CFilterChain.php(133): CController->runAction(Object(CInlineAction))
#16 /Applications/MAMP/htdocs/yii/framework/web/filters/CFilter.php(40): CFilterChain->run()
#17 /Applications/MAMP/htdocs/yii/framework/web/CController.php(1145): CFilter->filter(Object(CFilterChain))
#18 /Applications/MAMP/htdocs/yii/framework/web/filters/CInlineFilter.php(58): CController->filterAccessControl(Object(CFilterChain))
#19 /Applications/MAMP/htdocs/yii/framework/web/filters/CFilterChain.php(130): CInlineFilter->filter(Object(CFilterChain))
#20 /Applications/MAMP/htdocs/yii/framework/web/CController.php(291): CFilterChain->run()
#21 /Applications/MAMP/htdocs/yii/framework/web/CController.php(265): CController->runActionWithFilters(Object(CInlineAction), Array)
#22 /Applications/MAMP/htdocs/yii/framework/web/CWebApplication.php(282): CController->run('create')
#23 /Applications/MAMP/htdocs/yii/framework/web/CWebApplication.php(141): CWebApplication->runController('peques/create')
#24 /Applications/MAMP/htdocs/yii/framework/base/CApplication.php(180): CWebApplication->processRequest()
#25 /Applications/MAMP/htdocs/park/index.php(13): CApplication->run()
#26 {main}
REQUEST_URI=/park/index.php?r=peques/create
HTTP_REFERER=http://localhost:8888/park/index.php?r=peques/admin
---
2014/02/19 20:53:14 [error] [exception.CException] exception 'CException' with message 'Alias "bootstrap.widgets.TbDateColumn" is invalid. Make sure it points to an existing PHP file and the file is readable.' in /Applications/MAMP/htdocs/yii/framework/YiiBase.php:322
Stack trace:
#0 /Applications/MAMP/htdocs/yii/framework/web/CWidgetFactory.php(146): YiiBase::import('bootstrap.widge...', true)
#1 /Applications/MAMP/htdocs/yii/framework/web/CBaseController.php(146): CWidgetFactory->createWidget(Object(PequesController), 'bootstrap.widge...', Array)
#2 /Applications/MAMP/htdocs/yii/framework/web/CBaseController.php(172): CBaseController->createWidget('bootstrap.widge...', Array)
#3 /Applications/MAMP/htdocs/park/protected/views/peques/_form.php(28): CBaseController->widget('bootstrap.widge...', Array)
#4 /Applications/MAMP/htdocs/yii/framework/web/CBaseController.php(126): require('/Applications/M...')
#5 /Applications/MAMP/htdocs/yii/framework/web/CBaseController.php(95): CBaseController->renderInternal('/Applications/M...', Array, true)
#6 /Applications/MAMP/htdocs/yii/framework/web/CController.php(869): CBaseController->renderFile('/Applications/M...', Array, true)
#7 /Applications/MAMP/htdocs/park/protected/views/peques/create.php(15): CController->renderPartial('_form', Array)
#8 /Applications/MAMP/htdocs/yii/framework/web/CBaseController.php(126): require('/Applications/M...')
#9 /Applications/MAMP/htdocs/yii/framework/web/CBaseController.php(95): CBaseController->renderInternal('/Applications/M...', Array, true)
#10 /Applications/MAMP/htdocs/yii/framework/web/CController.php(869): CBaseController->renderFile('/Applications/M...', Array, true)
#11 /Applications/MAMP/htdocs/yii/framework/web/CController.php(782): CController->renderPartial('create', Array, true)
#12 /Applications/MAMP/htdocs/park/protected/controllers/PequesController.php(78): CController->render('create', Array)
#13 /Applications/MAMP/htdocs/yii/framework/web/actions/CInlineAction.php(49): PequesController->actionCreate()
#14 /Applications/MAMP/htdocs/yii/framework/web/CController.php(308): CInlineAction->runWithParams(Array)
#15 /Applications/MAMP/htdocs/yii/framework/web/filters/CFilterChain.php(133): CController->runAction(Object(CInlineAction))
#16 /Applications/MAMP/htdocs/yii/framework/web/filters/CFilter.php(40): CFilterChain->run()
#17 /Applications/MAMP/htdocs/yii/framework/web/CController.php(1145): CFilter->filter(Object(CFilterChain))
#18 /Applications/MAMP/htdocs/yii/framework/web/filters/CInlineFilter.php(58): CController->filterAccessControl(Object(CFilterChain))
#19 /Applications/MAMP/htdocs/yii/framework/web/filters/CFilterChain.php(130): CInlineFilter->filter(Object(CFilterChain))
#20 /Applications/MAMP/htdocs/yii/framework/web/CController.php(291): CFilterChain->run()
#21 /Applications/MAMP/htdocs/yii/framework/web/CController.php(265): CController->runActionWithFilters(Object(CInlineAction), Array)
#22 /Applications/MAMP/htdocs/yii/framework/web/CWebApplication.php(282): CController->run('create')
#23 /Applications/MAMP/htdocs/yii/framework/web/CWebApplication.php(141): CWebApplication->runController('peques/create')
#24 /Applications/MAMP/htdocs/yii/framework/base/CApplication.php(180): CWebApplication->processRequest()
#25 /Applications/MAMP/htdocs/park/index.php(13): CApplication->run()
#26 {main}
REQUEST_URI=/park/index.php?r=peques/create
HTTP_REFERER=http://localhost:8888/park/index.php?r=peques/admin
---
2014/02/19 20:53:44 [error] [exception.CException] exception 'CException' with message 'Alias "bootstrap.widgets.TbDateColumn" is invalid. Make sure it points to an existing PHP file and the file is readable.' in /Applications/MAMP/htdocs/yii/framework/YiiBase.php:322
Stack trace:
#0 /Applications/MAMP/htdocs/yii/framework/web/CWidgetFactory.php(146): YiiBase::import('bootstrap.widge...', true)
#1 /Applications/MAMP/htdocs/yii/framework/web/CBaseController.php(146): CWidgetFactory->createWidget(Object(PequesController), 'bootstrap.widge...', Array)
#2 /Applications/MAMP/htdocs/yii/framework/web/CBaseController.php(172): CBaseController->createWidget('bootstrap.widge...', Array)
#3 /Applications/MAMP/htdocs/park/protected/views/peques/_form.php(28): CBaseController->widget('bootstrap.widge...', Array)
#4 /Applications/MAMP/htdocs/yii/framework/web/CBaseController.php(126): require('/Applications/M...')
#5 /Applications/MAMP/htdocs/yii/framework/web/CBaseController.php(95): CBaseController->renderInternal('/Applications/M...', Array, true)
#6 /Applications/MAMP/htdocs/yii/framework/web/CController.php(869): CBaseController->renderFile('/Applications/M...', Array, true)
#7 /Applications/MAMP/htdocs/park/protected/views/peques/create.php(15): CController->renderPartial('_form', Array)
#8 /Applications/MAMP/htdocs/yii/framework/web/CBaseController.php(126): require('/Applications/M...')
#9 /Applications/MAMP/htdocs/yii/framework/web/CBaseController.php(95): CBaseController->renderInternal('/Applications/M...', Array, true)
#10 /Applications/MAMP/htdocs/yii/framework/web/CController.php(869): CBaseController->renderFile('/Applications/M...', Array, true)
#11 /Applications/MAMP/htdocs/yii/framework/web/CController.php(782): CController->renderPartial('create', Array, true)
#12 /Applications/MAMP/htdocs/park/protected/controllers/PequesController.php(78): CController->render('create', Array)
#13 /Applications/MAMP/htdocs/yii/framework/web/actions/CInlineAction.php(49): PequesController->actionCreate()
#14 /Applications/MAMP/htdocs/yii/framework/web/CController.php(308): CInlineAction->runWithParams(Array)
#15 /Applications/MAMP/htdocs/yii/framework/web/filters/CFilterChain.php(133): CController->runAction(Object(CInlineAction))
#16 /Applications/MAMP/htdocs/yii/framework/web/filters/CFilter.php(40): CFilterChain->run()
#17 /Applications/MAMP/htdocs/yii/framework/web/CController.php(1145): CFilter->filter(Object(CFilterChain))
#18 /Applications/MAMP/htdocs/yii/framework/web/filters/CInlineFilter.php(58): CController->filterAccessControl(Object(CFilterChain))
#19 /Applications/MAMP/htdocs/yii/framework/web/filters/CFilterChain.php(130): CInlineFilter->filter(Object(CFilterChain))
#20 /Applications/MAMP/htdocs/yii/framework/web/CController.php(291): CFilterChain->run()
#21 /Applications/MAMP/htdocs/yii/framework/web/CController.php(265): CController->runActionWithFilters(Object(CInlineAction), Array)
#22 /Applications/MAMP/htdocs/yii/framework/web/CWebApplication.php(282): CController->run('create')
#23 /Applications/MAMP/htdocs/yii/framework/web/CWebApplication.php(141): CWebApplication->runController('peques/create')
#24 /Applications/MAMP/htdocs/yii/framework/base/CApplication.php(180): CWebApplication->processRequest()
#25 /Applications/MAMP/htdocs/park/index.php(13): CApplication->run()
#26 {main}
REQUEST_URI=/park/index.php?r=peques/create
HTTP_REFERER=http://localhost:8888/park/index.php?r=peques/admin
---
2014/02/19 20:53:47 [error] [exception.CException] exception 'CException' with message 'Alias "bootstrap.widgets.TbDateColumn" is invalid. Make sure it points to an existing PHP file and the file is readable.' in /Applications/MAMP/htdocs/yii/framework/YiiBase.php:322
Stack trace:
#0 /Applications/MAMP/htdocs/yii/framework/web/CWidgetFactory.php(146): YiiBase::import('bootstrap.widge...', true)
#1 /Applications/MAMP/htdocs/yii/framework/web/CBaseController.php(146): CWidgetFactory->createWidget(Object(PequesController), 'bootstrap.widge...', Array)
#2 /Applications/MAMP/htdocs/yii/framework/web/CBaseController.php(172): CBaseController->createWidget('bootstrap.widge...', Array)
#3 /Applications/MAMP/htdocs/park/protected/views/peques/_form.php(28): CBaseController->widget('bootstrap.widge...', Array)
#4 /Applications/MAMP/htdocs/yii/framework/web/CBaseController.php(126): require('/Applications/M...')
#5 /Applications/MAMP/htdocs/yii/framework/web/CBaseController.php(95): CBaseController->renderInternal('/Applications/M...', Array, true)
#6 /Applications/MAMP/htdocs/yii/framework/web/CController.php(869): CBaseController->renderFile('/Applications/M...', Array, true)
#7 /Applications/MAMP/htdocs/park/protected/views/peques/create.php(15): CController->renderPartial('_form', Array)
#8 /Applications/MAMP/htdocs/yii/framework/web/CBaseController.php(126): require('/Applications/M...')
#9 /Applications/MAMP/htdocs/yii/framework/web/CBaseController.php(95): CBaseController->renderInternal('/Applications/M...', Array, true)
#10 /Applications/MAMP/htdocs/yii/framework/web/CController.php(869): CBaseController->renderFile('/Applications/M...', Array, true)
#11 /Applications/MAMP/htdocs/yii/framework/web/CController.php(782): CController->renderPartial('create', Array, true)
#12 /Applications/MAMP/htdocs/park/protected/controllers/PequesController.php(78): CController->render('create', Array)
#13 /Applications/MAMP/htdocs/yii/framework/web/actions/CInlineAction.php(49): PequesController->actionCreate()
#14 /Applications/MAMP/htdocs/yii/framework/web/CController.php(308): CInlineAction->runWithParams(Array)
#15 /Applications/MAMP/htdocs/yii/framework/web/filters/CFilterChain.php(133): CController->runAction(Object(CInlineAction))
#16 /Applications/MAMP/htdocs/yii/framework/web/filters/CFilter.php(40): CFilterChain->run()
#17 /Applications/MAMP/htdocs/yii/framework/web/CController.php(1145): CFilter->filter(Object(CFilterChain))
#18 /Applications/MAMP/htdocs/yii/framework/web/filters/CInlineFilter.php(58): CController->filterAccessControl(Object(CFilterChain))
#19 /Applications/MAMP/htdocs/yii/framework/web/filters/CFilterChain.php(130): CInlineFilter->filter(Object(CFilterChain))
#20 /Applications/MAMP/htdocs/yii/framework/web/CController.php(291): CFilterChain->run()
#21 /Applications/MAMP/htdocs/yii/framework/web/CController.php(265): CController->runActionWithFilters(Object(CInlineAction), Array)
#22 /Applications/MAMP/htdocs/yii/framework/web/CWebApplication.php(282): CController->run('create')
#23 /Applications/MAMP/htdocs/yii/framework/web/CWebApplication.php(141): CWebApplication->runController('peques/create')
#24 /Applications/MAMP/htdocs/yii/framework/base/CApplication.php(180): CWebApplication->processRequest()
#25 /Applications/MAMP/htdocs/park/index.php(13): CApplication->run()
#26 {main}
REQUEST_URI=/park/index.php?r=peques/create
HTTP_REFERER=http://localhost:8888/park/index.php?r=peques/admin
---
2014/02/19 23:33:53 [error] [php] Use of undefined constant value - assumed 'value' (/Applications/MAMP/htdocs/park/protected/views/peques/_form.php:23)
Stack trace:
#0 /Applications/MAMP/htdocs/yii/framework/web/CController.php(869): PequesController->renderFile()
#1 /Applications/MAMP/htdocs/park/protected/views/peques/create.php(15): PequesController->renderPartial()
#2 /Applications/MAMP/htdocs/yii/framework/web/CBaseController.php(126): require()
#3 /Applications/MAMP/htdocs/yii/framework/web/CBaseController.php(95): PequesController->renderInternal()
#4 /Applications/MAMP/htdocs/yii/framework/web/CController.php(869): PequesController->renderFile()
#5 /Applications/MAMP/htdocs/yii/framework/web/CController.php(782): PequesController->renderPartial()
#6 /Applications/MAMP/htdocs/park/protected/controllers/PequesController.php(79): PequesController->render()
#7 /Applications/MAMP/htdocs/yii/framework/web/actions/CInlineAction.php(49): PequesController->actionCreate()
#8 /Applications/MAMP/htdocs/yii/framework/web/CController.php(308): CInlineAction->runWithParams()
#9 /Applications/MAMP/htdocs/yii/framework/web/filters/CFilterChain.php(133): PequesController->runAction()
#10 /Applications/MAMP/htdocs/yii/framework/web/filters/CFilter.php(40): CFilterChain->run()
#11 /Applications/MAMP/htdocs/yii/framework/web/CController.php(1145): CAccessControlFilter->filter()
#12 /Applications/MAMP/htdocs/yii/framework/web/filters/CInlineFilter.php(58): PequesController->filterAccessControl()
#13 /Applications/MAMP/htdocs/yii/framework/web/filters/CFilterChain.php(130): CInlineFilter->filter()
#14 /Applications/MAMP/htdocs/yii/framework/web/CController.php(291): CFilterChain->run()
#15 /Applications/MAMP/htdocs/yii/framework/web/CController.php(265): PequesController->runActionWithFilters()
#16 /Applications/MAMP/htdocs/yii/framework/web/CWebApplication.php(282): PequesController->run()
#17 /Applications/MAMP/htdocs/yii/framework/web/CWebApplication.php(141): CWebApplication->runController()
#18 /Applications/MAMP/htdocs/yii/framework/base/CApplication.php(180): CWebApplication->processRequest()
#19 /Applications/MAMP/htdocs/park/index.php(13): CWebApplication->run()
REQUEST_URI=/park/index.php?r=peques/create
in /Applications/MAMP/htdocs/park/protected/views/peques/_form.php (23)
in /Applications/MAMP/htdocs/park/protected/views/peques/create.php (15)
in /Applications/MAMP/htdocs/park/protected/controllers/PequesController.php (79)
2014/02/19 23:55:53 [error] [exception.CHttpException.404] exception 'CHttpException' with message 'The requested page does not exist.' in /Applications/MAMP/htdocs/park/protected/controllers/PequesController.php:161
Stack trace:
#0 /Applications/MAMP/htdocs/park/protected/controllers/PequesController.php(54): PequesController->loadModel('9')
#1 [internal function]: PequesController->actionView('9')
#2 /Applications/MAMP/htdocs/yii/framework/web/actions/CAction.php(108): ReflectionMethod->invokeArgs(Object(PequesController), Array)
#3 /Applications/MAMP/htdocs/yii/framework/web/actions/CInlineAction.php(47): CAction->runWithParamsInternal(Object(PequesController), Object(ReflectionMethod), Array)
#4 /Applications/MAMP/htdocs/yii/framework/web/CController.php(308): CInlineAction->runWithParams(Array)
#5 /Applications/MAMP/htdocs/yii/framework/web/filters/CFilterChain.php(133): CController->runAction(Object(CInlineAction))
#6 /Applications/MAMP/htdocs/yii/framework/web/filters/CFilter.php(40): CFilterChain->run()
#7 /Applications/MAMP/htdocs/yii/framework/web/CController.php(1145): CFilter->filter(Object(CFilterChain))
#8 /Applications/MAMP/htdocs/yii/framework/web/filters/CInlineFilter.php(58): CController->filterAccessControl(Object(CFilterChain))
#9 /Applications/MAMP/htdocs/yii/framework/web/filters/CFilterChain.php(130): CInlineFilter->filter(Object(CFilterChain))
#10 /Applications/MAMP/htdocs/yii/framework/web/CController.php(291): CFilterChain->run()
#11 /Applications/MAMP/htdocs/yii/framework/web/CController.php(265): CController->runActionWithFilters(Object(CInlineAction), Array)
#12 /Applications/MAMP/htdocs/yii/framework/web/CWebApplication.php(282): CController->run('view')
#13 /Applications/MAMP/htdocs/yii/framework/web/CWebApplication.php(141): CWebApplication->runController('peques/view')
#14 /Applications/MAMP/htdocs/yii/framework/base/CApplication.php(180): CWebApplication->processRequest()
#15 /Applications/MAMP/htdocs/park/index.php(13): CApplication->run()
#16 {main}
REQUEST_URI=/park/index.php?r=peques/view&id=9
HTTP_REFERER=http://localhost:8888/park/index.php?r=peques/create
---
