2014/02/26 02:43:33 [error] [exception.CException] exception 'CException' with message 'Bootstrap y sus behaviors no tienen un método o closure llamado "registerPackage".' in /Applications/MAMP/htdocs/yii/framework/base/CComponent.php:266
Stack trace:
#0 /Applications/MAMP/htdocs/bownling/protected/extensions/clonnableFields/components/TemplateSelect2Field.php(53): CComponent->__call('registerPackage', Array)
#1 /Applications/MAMP/htdocs/bownling/protected/extensions/clonnableFields/components/TemplateSelect2Field.php(53): Bootstrap->registerPackage('select2')
#2 /Applications/MAMP/htdocs/bownling/protected/extensions/clonnableFields/ClonnableFields.php(416): TemplateSelect2Field->registerAssets()
#3 /Applications/MAMP/htdocs/bownling/protected/extensions/clonnableFields/ClonnableFields.php(376): ClonnableFields->createFieldsJavaActions()
#4 /Applications/MAMP/htdocs/bownling/protected/extensions/clonnableFields/ClonnableFields.php(184): ClonnableFields->registerJS()
#5 /Applications/MAMP/htdocs/yii/framework/web/CBaseController.php(173): ClonnableFields->run()
#6 /Applications/MAMP/htdocs/bownling/protected/views/grupos/_form.php(118): CBaseController->widget('ext.clonnableFi...', Array)
#7 /Applications/MAMP/htdocs/yii/framework/web/CBaseController.php(126): require('/Applications/M...')
#8 /Applications/MAMP/htdocs/yii/framework/web/CBaseController.php(95): CBaseController->renderInternal('/Applications/M...', Array, true)
#9 /Applications/MAMP/htdocs/yii/framework/web/CController.php(869): CBaseController->renderFile('/Applications/M...', Array, true)
#10 /Applications/MAMP/htdocs/bownling/protected/views/grupos/create.php(15): CController->renderPartial('_form', Array)
#11 /Applications/MAMP/htdocs/yii/framework/web/CBaseController.php(126): require('/Applications/M...')
#12 /Applications/MAMP/htdocs/yii/framework/web/CBaseController.php(95): CBaseController->renderInternal('/Applications/M...', Array, true)
#13 /Applications/MAMP/htdocs/yii/framework/web/CController.php(869): CBaseController->renderFile('/Applications/M...', Array, true)
#14 /Applications/MAMP/htdocs/yii/framework/web/CController.php(782): CController->renderPartial('create', Array, true)
#15 /Applications/MAMP/htdocs/bownling/protected/controllers/GruposController.php(78): CController->render('create', Array)
#16 /Applications/MAMP/htdocs/yii/framework/web/actions/CInlineAction.php(49): GruposController->actionCreate()
#17 /Applications/MAMP/htdocs/yii/framework/web/CController.php(308): CInlineAction->runWithParams(Array)
#18 /Applications/MAMP/htdocs/yii/framework/web/filters/CFilterChain.php(133): CController->runAction(Object(CInlineAction))
#19 /Applications/MAMP/htdocs/yii/framework/web/filters/CFilter.php(40): CFilterChain->run()
#20 /Applications/MAMP/htdocs/yii/framework/web/CController.php(1145): CFilter->filter(Object(CFilterChain))
#21 /Applications/MAMP/htdocs/yii/framework/web/filters/CInlineFilter.php(58): CController->filterAccessControl(Object(CFilterChain))
#22 /Applications/MAMP/htdocs/yii/framework/web/filters/CFilterChain.php(130): CInlineFilter->filter(Object(CFilterChain))
#23 /Applications/MAMP/htdocs/yii/framework/web/CController.php(291): CFilterChain->run()
#24 /Applications/MAMP/htdocs/yii/framework/web/CController.php(265): CController->runActionWithFilters(Object(CInlineAction), Array)
#25 /Applications/MAMP/htdocs/yii/framework/web/CWebApplication.php(282): CController->run('create')
#26 /Applications/MAMP/htdocs/yii/framework/web/CWebApplication.php(141): CWebApplication->runController('grupos/create')
#27 /Applications/MAMP/htdocs/yii/framework/base/CApplication.php(180): CWebApplication->processRequest()
#28 /Applications/MAMP/htdocs/bownling/index.php(13): CApplication->run()
#29 {main}
REQUEST_URI=/bownling/index.php?r=grupos/create
---
2014/02/26 02:44:50 [error] [exception.CException] exception 'CException' with message 'Bootstrap y sus behaviors no tienen un método o closure llamado "registerAssetCss".' in /Applications/MAMP/htdocs/yii/framework/base/CComponent.php:266
Stack trace:
#0 /Applications/MAMP/htdocs/bownling/protected/extensions/clonnableFields/components/TemplateToggleButtonField.php(98): CComponent->__call('registerAssetCs...', Array)
#1 /Applications/MAMP/htdocs/bownling/protected/extensions/clonnableFields/components/TemplateToggleButtonField.php(98): Bootstrap->registerAssetCss('bootstrap-toggl...')
#2 /Applications/MAMP/htdocs/bownling/protected/extensions/clonnableFields/ClonnableFields.php(416): TemplateToggleButtonField->registerAssets()
#3 /Applications/MAMP/htdocs/bownling/protected/extensions/clonnableFields/ClonnableFields.php(376): ClonnableFields->createFieldsJavaActions()
#4 /Applications/MAMP/htdocs/bownling/protected/extensions/clonnableFields/ClonnableFields.php(184): ClonnableFields->registerJS()
#5 /Applications/MAMP/htdocs/yii/framework/web/CBaseController.php(173): ClonnableFields->run()
#6 /Applications/MAMP/htdocs/bownling/protected/views/grupos/_form.php(103): CBaseController->widget('ext.clonnableFi...', Array)
#7 /Applications/MAMP/htdocs/yii/framework/web/CBaseController.php(126): require('/Applications/M...')
#8 /Applications/MAMP/htdocs/yii/framework/web/CBaseController.php(95): CBaseController->renderInternal('/Applications/M...', Array, true)
#9 /Applications/MAMP/htdocs/yii/framework/web/CController.php(869): CBaseController->renderFile('/Applications/M...', Array, true)
#10 /Applications/MAMP/htdocs/bownling/protected/views/grupos/create.php(15): CController->renderPartial('_form', Array)
#11 /Applications/MAMP/htdocs/yii/framework/web/CBaseController.php(126): require('/Applications/M...')
#12 /Applications/MAMP/htdocs/yii/framework/web/CBaseController.php(95): CBaseController->renderInternal('/Applications/M...', Array, true)
#13 /Applications/MAMP/htdocs/yii/framework/web/CController.php(869): CBaseController->renderFile('/Applications/M...', Array, true)
#14 /Applications/MAMP/htdocs/yii/framework/web/CController.php(782): CController->renderPartial('create', Array, true)
#15 /Applications/MAMP/htdocs/bownling/protected/controllers/GruposController.php(78): CController->render('create', Array)
#16 /Applications/MAMP/htdocs/yii/framework/web/actions/CInlineAction.php(49): GruposController->actionCreate()
#17 /Applications/MAMP/htdocs/yii/framework/web/CController.php(308): CInlineAction->runWithParams(Array)
#18 /Applications/MAMP/htdocs/yii/framework/web/filters/CFilterChain.php(133): CController->runAction(Object(CInlineAction))
#19 /Applications/MAMP/htdocs/yii/framework/web/filters/CFilter.php(40): CFilterChain->run()
#20 /Applications/MAMP/htdocs/yii/framework/web/CController.php(1145): CFilter->filter(Object(CFilterChain))
#21 /Applications/MAMP/htdocs/yii/framework/web/filters/CInlineFilter.php(58): CController->filterAccessControl(Object(CFilterChain))
#22 /Applications/MAMP/htdocs/yii/framework/web/filters/CFilterChain.php(130): CInlineFilter->filter(Object(CFilterChain))
#23 /Applications/MAMP/htdocs/yii/framework/web/CController.php(291): CFilterChain->run()
#24 /Applications/MAMP/htdocs/yii/framework/web/CController.php(265): CController->runActionWithFilters(Object(CInlineAction), Array)
#25 /Applications/MAMP/htdocs/yii/framework/web/CWebApplication.php(282): CController->run('create')
#26 /Applications/MAMP/htdocs/yii/framework/web/CWebApplication.php(141): CWebApplication->runController('grupos/create')
#27 /Applications/MAMP/htdocs/yii/framework/base/CApplication.php(180): CWebApplication->processRequest()
#28 /Applications/MAMP/htdocs/bownling/index.php(13): CApplication->run()
#29 {main}
REQUEST_URI=/bownling/index.php?r=grupos/create
---
2014/02/26 02:45:04 [error] [exception.CException] exception 'CException' with message 'Bootstrap y sus behaviors no tienen un método o closure llamado "registerAssetCss".' in /Applications/MAMP/htdocs/yii/framework/base/CComponent.php:266
Stack trace:
#0 /Applications/MAMP/htdocs/bownling/protected/extensions/clonnableFields/components/TemplateToggleButtonField.php(98): CComponent->__call('registerAssetCs...', Array)
#1 /Applications/MAMP/htdocs/bownling/protected/extensions/clonnableFields/components/TemplateToggleButtonField.php(98): Bootstrap->registerAssetCss('bootstrap-toggl...')
#2 /Applications/MAMP/htdocs/bownling/protected/extensions/clonnableFields/ClonnableFields.php(416): TemplateToggleButtonField->registerAssets()
#3 /Applications/MAMP/htdocs/bownling/protected/extensions/clonnableFields/ClonnableFields.php(376): ClonnableFields->createFieldsJavaActions()
#4 /Applications/MAMP/htdocs/bownling/protected/extensions/clonnableFields/ClonnableFields.php(184): ClonnableFields->registerJS()
#5 /Applications/MAMP/htdocs/yii/framework/web/CBaseController.php(173): ClonnableFields->run()
#6 /Applications/MAMP/htdocs/bownling/protected/views/grupos/_form.php(103): CBaseController->widget('ext.clonnableFi...', Array)
#7 /Applications/MAMP/htdocs/yii/framework/web/CBaseController.php(126): require('/Applications/M...')
#8 /Applications/MAMP/htdocs/yii/framework/web/CBaseController.php(95): CBaseController->renderInternal('/Applications/M...', Array, true)
#9 /Applications/MAMP/htdocs/yii/framework/web/CController.php(869): CBaseController->renderFile('/Applications/M...', Array, true)
#10 /Applications/MAMP/htdocs/bownling/protected/views/grupos/create.php(15): CController->renderPartial('_form', Array)
#11 /Applications/MAMP/htdocs/yii/framework/web/CBaseController.php(126): require('/Applications/M...')
#12 /Applications/MAMP/htdocs/yii/framework/web/CBaseController.php(95): CBaseController->renderInternal('/Applications/M...', Array, true)
#13 /Applications/MAMP/htdocs/yii/framework/web/CController.php(869): CBaseController->renderFile('/Applications/M...', Array, true)
#14 /Applications/MAMP/htdocs/yii/framework/web/CController.php(782): CController->renderPartial('create', Array, true)
#15 /Applications/MAMP/htdocs/bownling/protected/controllers/GruposController.php(78): CController->render('create', Array)
#16 /Applications/MAMP/htdocs/yii/framework/web/actions/CInlineAction.php(49): GruposController->actionCreate()
#17 /Applications/MAMP/htdocs/yii/framework/web/CController.php(308): CInlineAction->runWithParams(Array)
#18 /Applications/MAMP/htdocs/yii/framework/web/filters/CFilterChain.php(133): CController->runAction(Object(CInlineAction))
#19 /Applications/MAMP/htdocs/yii/framework/web/filters/CFilter.php(40): CFilterChain->run()
#20 /Applications/MAMP/htdocs/yii/framework/web/CController.php(1145): CFilter->filter(Object(CFilterChain))
#21 /Applications/MAMP/htdocs/yii/framework/web/filters/CInlineFilter.php(58): CController->filterAccessControl(Object(CFilterChain))
#22 /Applications/MAMP/htdocs/yii/framework/web/filters/CFilterChain.php(130): CInlineFilter->filter(Object(CFilterChain))
#23 /Applications/MAMP/htdocs/yii/framework/web/CController.php(291): CFilterChain->run()
#24 /Applications/MAMP/htdocs/yii/framework/web/CController.php(265): CController->runActionWithFilters(Object(CInlineAction), Array)
#25 /Applications/MAMP/htdocs/yii/framework/web/CWebApplication.php(282): CController->run('create')
#26 /Applications/MAMP/htdocs/yii/framework/web/CWebApplication.php(141): CWebApplication->runController('grupos/create')
#27 /Applications/MAMP/htdocs/yii/framework/base/CApplication.php(180): CWebApplication->processRequest()
#28 /Applications/MAMP/htdocs/bownling/index.php(13): CApplication->run()
#29 {main}
REQUEST_URI=/bownling/index.php?r=grupos/create
---
