2014/03/11 20:34:16 [error] [exception.CHttpException.404] exception 'CHttpException' with message 'No es posible resolver la solicitud "member"' in /Applications/MAMP/htdocs/yii/framework/web/CWebApplication.php:286
Stack trace:
#0 /Applications/MAMP/htdocs/yii/framework/web/CWebApplication.php(141): CWebApplication->runController('member')
#1 /Applications/MAMP/htdocs/yii/framework/base/CApplication.php(180): CWebApplication->processRequest()
#2 /Applications/MAMP/htdocs/ejemplomulti/index.php(13): CApplication->run()
#3 {main}
REQUEST_URI=/ejemplomulti/index.php?r=member
---
2014/03/11 20:34:21 [error] [exception.CHttpException.404] exception 'CHttpException' with message 'No es posible resolver la solicitud "members"' in /Applications/MAMP/htdocs/yii/framework/web/CWebApplication.php:286
Stack trace:
#0 /Applications/MAMP/htdocs/yii/framework/web/CWebApplication.php(141): CWebApplication->runController('members')
#1 /Applications/MAMP/htdocs/yii/framework/base/CApplication.php(180): CWebApplication->processRequest()
#2 /Applications/MAMP/htdocs/ejemplomulti/index.php(13): CApplication->run()
#3 {main}
REQUEST_URI=/ejemplomulti/index.php?r=members
---
2014/03/11 20:53:26 [error] [exception.CHttpException.404] exception 'CHttpException' with message 'No es posible resolver la solicitud "member"' in /Applications/MAMP/htdocs/yii/framework/web/CWebApplication.php:286
Stack trace:
#0 /Applications/MAMP/htdocs/yii/framework/web/CWebApplication.php(141): CWebApplication->runController('member')
#1 /Applications/MAMP/htdocs/yii/framework/base/CApplication.php(180): CWebApplication->processRequest()
#2 /Applications/MAMP/htdocs/ejemplomulti/index.php(13): CApplication->run()
#3 {main}
REQUEST_URI=/ejemplomulti/index.php?r=member
---
2014/03/11 20:56:47 [error] [php] Undefined variable: validatedMembers (/Applications/MAMP/htdocs/ejemplomulti/protected/views/group/_form.php:13)
Stack trace:
#0 /Applications/MAMP/htdocs/yii/framework/web/CController.php(869): GroupController->renderFile()
#1 /Applications/MAMP/htdocs/ejemplomulti/protected/views/group/update.php(18): GroupController->renderPartial()
#2 /Applications/MAMP/htdocs/yii/framework/web/CBaseController.php(126): require()
#3 /Applications/MAMP/htdocs/yii/framework/web/CBaseController.php(95): GroupController->renderInternal()
#4 /Applications/MAMP/htdocs/yii/framework/web/CController.php(869): GroupController->renderFile()
#5 /Applications/MAMP/htdocs/yii/framework/web/CController.php(782): GroupController->renderPartial()
#6 /Applications/MAMP/htdocs/ejemplomulti/protected/controllers/GroupController.php(128): GroupController->render()
#7 unknown(0): GroupController->actionUpdate()
#8 /Applications/MAMP/htdocs/yii/framework/web/actions/CAction.php(108): ReflectionMethod->invokeArgs()
#9 /Applications/MAMP/htdocs/yii/framework/web/actions/CInlineAction.php(47): CInlineAction->runWithParamsInternal()
#10 /Applications/MAMP/htdocs/yii/framework/web/CController.php(308): CInlineAction->runWithParams()
#11 /Applications/MAMP/htdocs/yii/framework/web/filters/CFilterChain.php(133): GroupController->runAction()
#12 /Applications/MAMP/htdocs/yii/framework/web/filters/CFilter.php(40): CFilterChain->run()
#13 /Applications/MAMP/htdocs/yii/framework/web/CController.php(1145): CAccessControlFilter->filter()
#14 /Applications/MAMP/htdocs/yii/framework/web/filters/CInlineFilter.php(58): GroupController->filterAccessControl()
#15 /Applications/MAMP/htdocs/yii/framework/web/filters/CFilterChain.php(130): CInlineFilter->filter()
#16 /Applications/MAMP/htdocs/yii/framework/web/CController.php(291): CFilterChain->run()
#17 /Applications/MAMP/htdocs/yii/framework/web/CController.php(265): GroupController->runActionWithFilters()
#18 /Applications/MAMP/htdocs/yii/framework/web/CWebApplication.php(282): GroupController->run()
#19 /Applications/MAMP/htdocs/yii/framework/web/CWebApplication.php(141): CWebApplication->runController()
#20 /Applications/MAMP/htdocs/yii/framework/base/CApplication.php(180): CWebApplication->processRequest()
#21 /Applications/MAMP/htdocs/ejemplomulti/index.php(13): CWebApplication->run()
REQUEST_URI=/ejemplomulti/index.php?r=group/update&id=1
in /Applications/MAMP/htdocs/ejemplomulti/protected/views/group/_form.php (13)
in /Applications/MAMP/htdocs/ejemplomulti/protected/views/group/update.php (18)
in /Applications/MAMP/htdocs/ejemplomulti/protected/controllers/GroupController.php (128)
2014/03/11 21:13:57 [error] [php] Undefined variable: errorIndexes (/Applications/MAMP/htdocs/ejemplomulti/protected/controllers/GroupController.php:137)
Stack trace:
#0 /Applications/MAMP/htdocs/yii/framework/web/actions/CInlineAction.php(47): CInlineAction->runWithParamsInternal()
#1 /Applications/MAMP/htdocs/yii/framework/web/CController.php(308): CInlineAction->runWithParams()
#2 /Applications/MAMP/htdocs/yii/framework/web/filters/CFilterChain.php(133): GroupController->runAction()
#3 /Applications/MAMP/htdocs/yii/framework/web/filters/CFilter.php(40): CFilterChain->run()
#4 /Applications/MAMP/htdocs/yii/framework/web/CController.php(1145): CAccessControlFilter->filter()
#5 /Applications/MAMP/htdocs/yii/framework/web/filters/CInlineFilter.php(58): GroupController->filterAccessControl()
#6 /Applications/MAMP/htdocs/yii/framework/web/filters/CFilterChain.php(130): CInlineFilter->filter()
#7 /Applications/MAMP/htdocs/yii/framework/web/CController.php(291): CFilterChain->run()
#8 /Applications/MAMP/htdocs/yii/framework/web/CController.php(265): GroupController->runActionWithFilters()
#9 /Applications/MAMP/htdocs/yii/framework/web/CWebApplication.php(282): GroupController->run()
#10 /Applications/MAMP/htdocs/yii/framework/web/CWebApplication.php(141): CWebApplication->runController()
#11 /Applications/MAMP/htdocs/yii/framework/base/CApplication.php(180): CWebApplication->processRequest()
#12 /Applications/MAMP/htdocs/ejemplomulti/index.php(13): CWebApplication->run()
REQUEST_URI=/ejemplomulti/index.php?r=group/update&id=1
in /Applications/MAMP/htdocs/ejemplomulti/protected/controllers/GroupController.php (137)
in /Applications/MAMP/htdocs/ejemplomulti/index.php (13)
2014/03/11 21:20:10 [error] [php] Undefined variable: errorIndexes (/Applications/MAMP/htdocs/ejemplomulti/protected/controllers/GroupController.php:89)
Stack trace:
#0 /Applications/MAMP/htdocs/yii/framework/web/filters/CFilterChain.php(133): GroupController->runAction()
#1 /Applications/MAMP/htdocs/yii/framework/web/filters/CFilter.php(40): CFilterChain->run()
#2 /Applications/MAMP/htdocs/yii/framework/web/CController.php(1145): CAccessControlFilter->filter()
#3 /Applications/MAMP/htdocs/yii/framework/web/filters/CInlineFilter.php(58): GroupController->filterAccessControl()
#4 /Applications/MAMP/htdocs/yii/framework/web/filters/CFilterChain.php(130): CInlineFilter->filter()
#5 /Applications/MAMP/htdocs/yii/framework/web/CController.php(291): CFilterChain->run()
#6 /Applications/MAMP/htdocs/yii/framework/web/CController.php(265): GroupController->runActionWithFilters()
#7 /Applications/MAMP/htdocs/yii/framework/web/CWebApplication.php(282): GroupController->run()
#8 /Applications/MAMP/htdocs/yii/framework/web/CWebApplication.php(141): CWebApplication->runController()
#9 /Applications/MAMP/htdocs/yii/framework/base/CApplication.php(180): CWebApplication->processRequest()
#10 /Applications/MAMP/htdocs/ejemplomulti/index.php(13): CWebApplication->run()
REQUEST_URI=/ejemplomulti/index.php?r=group/create
in /Applications/MAMP/htdocs/ejemplomulti/protected/controllers/GroupController.php (89)
in /Applications/MAMP/htdocs/ejemplomulti/index.php (13)
2014/03/11 21:20:14 [error] [php] Undefined variable: errorIndexes (/Applications/MAMP/htdocs/ejemplomulti/protected/controllers/GroupController.php:89)
Stack trace:
#0 /Applications/MAMP/htdocs/yii/framework/web/filters/CFilterChain.php(133): GroupController->runAction()
#1 /Applications/MAMP/htdocs/yii/framework/web/filters/CFilter.php(40): CFilterChain->run()
#2 /Applications/MAMP/htdocs/yii/framework/web/CController.php(1145): CAccessControlFilter->filter()
#3 /Applications/MAMP/htdocs/yii/framework/web/filters/CInlineFilter.php(58): GroupController->filterAccessControl()
#4 /Applications/MAMP/htdocs/yii/framework/web/filters/CFilterChain.php(130): CInlineFilter->filter()
#5 /Applications/MAMP/htdocs/yii/framework/web/CController.php(291): CFilterChain->run()
#6 /Applications/MAMP/htdocs/yii/framework/web/CController.php(265): GroupController->runActionWithFilters()
#7 /Applications/MAMP/htdocs/yii/framework/web/CWebApplication.php(282): GroupController->run()
#8 /Applications/MAMP/htdocs/yii/framework/web/CWebApplication.php(141): CWebApplication->runController()
#9 /Applications/MAMP/htdocs/yii/framework/base/CApplication.php(180): CWebApplication->processRequest()
#10 /Applications/MAMP/htdocs/ejemplomulti/index.php(13): CWebApplication->run()
REQUEST_URI=/ejemplomulti/index.php?r=group/create
in /Applications/MAMP/htdocs/ejemplomulti/protected/controllers/GroupController.php (89)
in /Applications/MAMP/htdocs/ejemplomulti/index.php (13)
2014/03/11 21:20:19 [error] [php] Undefined variable: errorIndexes (/Applications/MAMP/htdocs/ejemplomulti/protected/controllers/GroupController.php:89)
Stack trace:
#0 /Applications/MAMP/htdocs/yii/framework/web/filters/CFilterChain.php(133): GroupController->runAction()
#1 /Applications/MAMP/htdocs/yii/framework/web/filters/CFilter.php(40): CFilterChain->run()
#2 /Applications/MAMP/htdocs/yii/framework/web/CController.php(1145): CAccessControlFilter->filter()
#3 /Applications/MAMP/htdocs/yii/framework/web/filters/CInlineFilter.php(58): GroupController->filterAccessControl()
#4 /Applications/MAMP/htdocs/yii/framework/web/filters/CFilterChain.php(130): CInlineFilter->filter()
#5 /Applications/MAMP/htdocs/yii/framework/web/CController.php(291): CFilterChain->run()
#6 /Applications/MAMP/htdocs/yii/framework/web/CController.php(265): GroupController->runActionWithFilters()
#7 /Applications/MAMP/htdocs/yii/framework/web/CWebApplication.php(282): GroupController->run()
#8 /Applications/MAMP/htdocs/yii/framework/web/CWebApplication.php(141): CWebApplication->runController()
#9 /Applications/MAMP/htdocs/yii/framework/base/CApplication.php(180): CWebApplication->processRequest()
#10 /Applications/MAMP/htdocs/ejemplomulti/index.php(13): CWebApplication->run()
REQUEST_URI=/ejemplomulti/index.php?r=group/create
in /Applications/MAMP/htdocs/ejemplomulti/protected/controllers/GroupController.php (89)
in /Applications/MAMP/htdocs/ejemplomulti/index.php (13)
2014/03/11 21:20:56 [error] [php] Undefined variable: updateItems (/Applications/MAMP/htdocs/ejemplomulti/protected/controllers/GroupController.php:90)
Stack trace:
#0 /Applications/MAMP/htdocs/yii/framework/web/filters/CFilterChain.php(133): GroupController->runAction()
#1 /Applications/MAMP/htdocs/yii/framework/web/filters/CFilter.php(40): CFilterChain->run()
#2 /Applications/MAMP/htdocs/yii/framework/web/CController.php(1145): CAccessControlFilter->filter()
#3 /Applications/MAMP/htdocs/yii/framework/web/filters/CInlineFilter.php(58): GroupController->filterAccessControl()
#4 /Applications/MAMP/htdocs/yii/framework/web/filters/CFilterChain.php(130): CInlineFilter->filter()
#5 /Applications/MAMP/htdocs/yii/framework/web/CController.php(291): CFilterChain->run()
#6 /Applications/MAMP/htdocs/yii/framework/web/CController.php(265): GroupController->runActionWithFilters()
#7 /Applications/MAMP/htdocs/yii/framework/web/CWebApplication.php(282): GroupController->run()
#8 /Applications/MAMP/htdocs/yii/framework/web/CWebApplication.php(141): CWebApplication->runController()
#9 /Applications/MAMP/htdocs/yii/framework/base/CApplication.php(180): CWebApplication->processRequest()
#10 /Applications/MAMP/htdocs/ejemplomulti/index.php(13): CWebApplication->run()
REQUEST_URI=/ejemplomulti/index.php?r=group/create
in /Applications/MAMP/htdocs/ejemplomulti/protected/controllers/GroupController.php (90)
in /Applications/MAMP/htdocs/ejemplomulti/index.php (13)
2014/03/11 21:21:20 [error] [php] Undefined variable: updateItems (/Applications/MAMP/htdocs/ejemplomulti/protected/controllers/GroupController.php:90)
Stack trace:
#0 /Applications/MAMP/htdocs/yii/framework/web/filters/CFilterChain.php(133): GroupController->runAction()
#1 /Applications/MAMP/htdocs/yii/framework/web/filters/CFilter.php(40): CFilterChain->run()
#2 /Applications/MAMP/htdocs/yii/framework/web/CController.php(1145): CAccessControlFilter->filter()
#3 /Applications/MAMP/htdocs/yii/framework/web/filters/CInlineFilter.php(58): GroupController->filterAccessControl()
#4 /Applications/MAMP/htdocs/yii/framework/web/filters/CFilterChain.php(130): CInlineFilter->filter()
#5 /Applications/MAMP/htdocs/yii/framework/web/CController.php(291): CFilterChain->run()
#6 /Applications/MAMP/htdocs/yii/framework/web/CController.php(265): GroupController->runActionWithFilters()
#7 /Applications/MAMP/htdocs/yii/framework/web/CWebApplication.php(282): GroupController->run()
#8 /Applications/MAMP/htdocs/yii/framework/web/CWebApplication.php(141): CWebApplication->runController()
#9 /Applications/MAMP/htdocs/yii/framework/base/CApplication.php(180): CWebApplication->processRequest()
#10 /Applications/MAMP/htdocs/ejemplomulti/index.php(13): CWebApplication->run()
REQUEST_URI=/ejemplomulti/index.php?r=group/create
in /Applications/MAMP/htdocs/ejemplomulti/protected/controllers/GroupController.php (90)
in /Applications/MAMP/htdocs/ejemplomulti/index.php (13)
2014/03/11 21:21:21 [error] [php] Undefined variable: updateItems (/Applications/MAMP/htdocs/ejemplomulti/protected/controllers/GroupController.php:90)
Stack trace:
#0 /Applications/MAMP/htdocs/yii/framework/web/filters/CFilterChain.php(133): GroupController->runAction()
#1 /Applications/MAMP/htdocs/yii/framework/web/filters/CFilter.php(40): CFilterChain->run()
#2 /Applications/MAMP/htdocs/yii/framework/web/CController.php(1145): CAccessControlFilter->filter()
#3 /Applications/MAMP/htdocs/yii/framework/web/filters/CInlineFilter.php(58): GroupController->filterAccessControl()
#4 /Applications/MAMP/htdocs/yii/framework/web/filters/CFilterChain.php(130): CInlineFilter->filter()
#5 /Applications/MAMP/htdocs/yii/framework/web/CController.php(291): CFilterChain->run()
#6 /Applications/MAMP/htdocs/yii/framework/web/CController.php(265): GroupController->runActionWithFilters()
#7 /Applications/MAMP/htdocs/yii/framework/web/CWebApplication.php(282): GroupController->run()
#8 /Applications/MAMP/htdocs/yii/framework/web/CWebApplication.php(141): CWebApplication->runController()
#9 /Applications/MAMP/htdocs/yii/framework/base/CApplication.php(180): CWebApplication->processRequest()
#10 /Applications/MAMP/htdocs/ejemplomulti/index.php(13): CWebApplication->run()
REQUEST_URI=/ejemplomulti/index.php?r=group/create
in /Applications/MAMP/htdocs/ejemplomulti/protected/controllers/GroupController.php (90)
in /Applications/MAMP/htdocs/ejemplomulti/index.php (13)
2014/03/11 21:22:18 [error] [php] Undefined variable: updateItems (/Applications/MAMP/htdocs/ejemplomulti/protected/controllers/GroupController.php:90)
Stack trace:
#0 /Applications/MAMP/htdocs/yii/framework/web/filters/CFilterChain.php(133): GroupController->runAction()
#1 /Applications/MAMP/htdocs/yii/framework/web/filters/CFilter.php(40): CFilterChain->run()
#2 /Applications/MAMP/htdocs/yii/framework/web/CController.php(1145): CAccessControlFilter->filter()
#3 /Applications/MAMP/htdocs/yii/framework/web/filters/CInlineFilter.php(58): GroupController->filterAccessControl()
#4 /Applications/MAMP/htdocs/yii/framework/web/filters/CFilterChain.php(130): CInlineFilter->filter()
#5 /Applications/MAMP/htdocs/yii/framework/web/CController.php(291): CFilterChain->run()
#6 /Applications/MAMP/htdocs/yii/framework/web/CController.php(265): GroupController->runActionWithFilters()
#7 /Applications/MAMP/htdocs/yii/framework/web/CWebApplication.php(282): GroupController->run()
#8 /Applications/MAMP/htdocs/yii/framework/web/CWebApplication.php(141): CWebApplication->runController()
#9 /Applications/MAMP/htdocs/yii/framework/base/CApplication.php(180): CWebApplication->processRequest()
#10 /Applications/MAMP/htdocs/ejemplomulti/index.php(13): CWebApplication->run()
REQUEST_URI=/ejemplomulti/index.php?r=group/create
in /Applications/MAMP/htdocs/ejemplomulti/protected/controllers/GroupController.php (90)
in /Applications/MAMP/htdocs/ejemplomulti/index.php (13)
2014/03/12 02:31:44 [error] [exception.CException] exception 'CException' with message 'La propiedad "Group"."name" no se encuentra definida.' in /Applications/MAMP/htdocs/yii/framework/base/CComponent.php:130
Stack trace:
#0 /Applications/MAMP/htdocs/yii/framework/db/ar/CActiveRecord.php(145): CComponent->__get('name')
#1 /Applications/MAMP/htdocs/yii/framework/web/helpers/CHtml.php(2529): CActiveRecord->__get('name')
#2 /Applications/MAMP/htdocs/yii/framework/web/helpers/CHtml.php(2252): CHtml::resolveValue(Object(Group), 'name')
#3 /Applications/MAMP/htdocs/yii/framework/web/helpers/CHtml.php(1434): CHtml::activeInputField('text', Object(Group), 'name', Array)
#4 /Applications/MAMP/htdocs/yii/framework/web/widgets/CActiveForm.php(725): CHtml::activeTextField(Object(Group), 'name', Array)
#5 /Applications/MAMP/htdocs/ejemplomulti/protected/views/group/_form.php(14): CActiveForm->textField(Object(Group), 'name', Array)
#6 /Applications/MAMP/htdocs/yii/framework/web/CBaseController.php(126): require('/Applications/M...')
#7 /Applications/MAMP/htdocs/yii/framework/web/CBaseController.php(95): CBaseController->renderInternal('/Applications/M...', Array, true)
#8 /Applications/MAMP/htdocs/yii/framework/web/CController.php(869): CBaseController->renderFile('/Applications/M...', Array, true)
#9 /Applications/MAMP/htdocs/ejemplomulti/protected/views/group/create.php(16): CController->renderPartial('_form', Array)
#10 /Applications/MAMP/htdocs/yii/framework/web/CBaseController.php(126): require('/Applications/M...')
#11 /Applications/MAMP/htdocs/yii/framework/web/CBaseController.php(95): CBaseController->renderInternal('/Applications/M...', Array, true)
#12 /Applications/MAMP/htdocs/yii/framework/web/CController.php(869): CBaseController->renderFile('/Applications/M...', Array, true)
#13 /Applications/MAMP/htdocs/yii/framework/web/CController.php(782): CController->renderPartial('create', Array, true)
#14 /Applications/MAMP/htdocs/ejemplomulti/protected/controllers/GroupController.php(92): CController->render('create', Array)
#15 /Applications/MAMP/htdocs/yii/framework/web/actions/CInlineAction.php(49): GroupController->actionCreate()
#16 /Applications/MAMP/htdocs/yii/framework/web/CController.php(308): CInlineAction->runWithParams(Array)
#17 /Applications/MAMP/htdocs/yii/framework/web/filters/CFilterChain.php(133): CController->runAction(Object(CInlineAction))
#18 /Applications/MAMP/htdocs/yii/framework/web/filters/CFilter.php(40): CFilterChain->run()
#19 /Applications/MAMP/htdocs/yii/framework/web/CController.php(1145): CFilter->filter(Object(CFilterChain))
#20 /Applications/MAMP/htdocs/yii/framework/web/filters/CInlineFilter.php(58): CController->filterAccessControl(Object(CFilterChain))
#21 /Applications/MAMP/htdocs/yii/framework/web/filters/CFilterChain.php(130): CInlineFilter->filter(Object(CFilterChain))
#22 /Applications/MAMP/htdocs/yii/framework/web/CController.php(291): CFilterChain->run()
#23 /Applications/MAMP/htdocs/yii/framework/web/CController.php(265): CController->runActionWithFilters(Object(CInlineAction), Array)
#24 /Applications/MAMP/htdocs/yii/framework/web/CWebApplication.php(282): CController->run('create')
#25 /Applications/MAMP/htdocs/yii/framework/web/CWebApplication.php(141): CWebApplication->runController('group/create')
#26 /Applications/MAMP/htdocs/yii/framework/base/CApplication.php(180): CWebApplication->processRequest()
#27 /Applications/MAMP/htdocs/ejemplomulti/index.php(13): CApplication->run()
#28 {main}
REQUEST_URI=/ejemplomulti/index.php?r=group/create
HTTP_REFERER=http://localhost:8888/ejemplomulti/index.php?r=site/login
---
2014/03/12 02:31:52 [error] [exception.CException] exception 'CException' with message 'La propiedad "Group"."name" no se encuentra definida.' in /Applications/MAMP/htdocs/yii/framework/base/CComponent.php:130
Stack trace:
#0 /Applications/MAMP/htdocs/yii/framework/db/ar/CActiveRecord.php(145): CComponent->__get('name')
#1 /Applications/MAMP/htdocs/yii/framework/web/helpers/CHtml.php(2529): CActiveRecord->__get('name')
#2 /Applications/MAMP/htdocs/yii/framework/web/helpers/CHtml.php(2252): CHtml::resolveValue(Object(Group), 'name')
#3 /Applications/MAMP/htdocs/yii/framework/web/helpers/CHtml.php(1434): CHtml::activeInputField('text', Object(Group), 'name', Array)
#4 /Applications/MAMP/htdocs/yii/framework/web/widgets/CActiveForm.php(725): CHtml::activeTextField(Object(Group), 'name', Array)
#5 /Applications/MAMP/htdocs/ejemplomulti/protected/views/group/_form.php(14): CActiveForm->textField(Object(Group), 'name', Array)
#6 /Applications/MAMP/htdocs/yii/framework/web/CBaseController.php(126): require('/Applications/M...')
#7 /Applications/MAMP/htdocs/yii/framework/web/CBaseController.php(95): CBaseController->renderInternal('/Applications/M...', Array, true)
#8 /Applications/MAMP/htdocs/yii/framework/web/CController.php(869): CBaseController->renderFile('/Applications/M...', Array, true)
#9 /Applications/MAMP/htdocs/ejemplomulti/protected/views/group/create.php(16): CController->renderPartial('_form', Array)
#10 /Applications/MAMP/htdocs/yii/framework/web/CBaseController.php(126): require('/Applications/M...')
#11 /Applications/MAMP/htdocs/yii/framework/web/CBaseController.php(95): CBaseController->renderInternal('/Applications/M...', Array, true)
#12 /Applications/MAMP/htdocs/yii/framework/web/CController.php(869): CBaseController->renderFile('/Applications/M...', Array, true)
#13 /Applications/MAMP/htdocs/yii/framework/web/CController.php(782): CController->renderPartial('create', Array, true)
#14 /Applications/MAMP/htdocs/ejemplomulti/protected/controllers/GroupController.php(92): CController->render('create', Array)
#15 /Applications/MAMP/htdocs/yii/framework/web/actions/CInlineAction.php(49): GroupController->actionCreate()
#16 /Applications/MAMP/htdocs/yii/framework/web/CController.php(308): CInlineAction->runWithParams(Array)
#17 /Applications/MAMP/htdocs/yii/framework/web/filters/CFilterChain.php(133): CController->runAction(Object(CInlineAction))
#18 /Applications/MAMP/htdocs/yii/framework/web/filters/CFilter.php(40): CFilterChain->run()
#19 /Applications/MAMP/htdocs/yii/framework/web/CController.php(1145): CFilter->filter(Object(CFilterChain))
#20 /Applications/MAMP/htdocs/yii/framework/web/filters/CInlineFilter.php(58): CController->filterAccessControl(Object(CFilterChain))
#21 /Applications/MAMP/htdocs/yii/framework/web/filters/CFilterChain.php(130): CInlineFilter->filter(Object(CFilterChain))
#22 /Applications/MAMP/htdocs/yii/framework/web/CController.php(291): CFilterChain->run()
#23 /Applications/MAMP/htdocs/yii/framework/web/CController.php(265): CController->runActionWithFilters(Object(CInlineAction), Array)
#24 /Applications/MAMP/htdocs/yii/framework/web/CWebApplication.php(282): CController->run('create')
#25 /Applications/MAMP/htdocs/yii/framework/web/CWebApplication.php(141): CWebApplication->runController('group/create')
#26 /Applications/MAMP/htdocs/yii/framework/base/CApplication.php(180): CWebApplication->processRequest()
#27 /Applications/MAMP/htdocs/ejemplomulti/index.php(13): CApplication->run()
#28 {main}
REQUEST_URI=/ejemplomulti/index.php?r=group/create
HTTP_REFERER=http://localhost:8888/ejemplomulti/index.php?r=site/login
---
